<?xml version="1.0" encoding="UTF-8"?>
<!-- Generated by org.testng.reporters.JUnitReportReporter -->
<testsuite hostname="LAPTOP-U74TRLLP" name="Sir.com.TestScripts.TestScript1Login" tests="4" failures="0" timestamp="28 Nov 2020 22:26:24 GMT" time="13.443" errors="0">
  <testcase name="testLoginPage" time="3.311" classname="Sir.com.TestScripts.TestScript1Login"/>
  <testcase name="testLoginPage" time="3.279" classname="Sir.com.TestScripts.TestScript1Login"/>
  <testcase name="testLoginPage" time="3.270" classname="Sir.com.TestScripts.TestScript1Login"/>
  <testcase name="testLoginPage" time="3.583" classname="Sir.com.TestScripts.TestScript1Login"/>
</testsuite> <!-- Sir.com.TestScripts.TestScript1Login -->
