<?xml version="1.0" encoding="UTF-8"?>
<!-- Generated by org.testng.reporters.JUnitReportReporter -->
<testsuite hostname="LAPTOP-U74TRLLP" name="Sir.com.TestScripts.TestScript2" tests="1" failures="0" timestamp="28 Nov 2020 22:26:24 GMT" time="3.640" errors="0">
  <testcase name="testOnWindow" time="3.640" classname="Sir.com.TestScripts.TestScript2"/>
</testsuite> <!-- Sir.com.TestScripts.TestScript2 -->
