<?xml version="1.0" encoding="UTF-8"?>
<!-- Generated by org.testng.reporters.JUnitReportReporter -->
<testsuite skipped="0" hostname="LAPTOP-U74TRLLP" name="Sir.com.TestScripts.TestScript2" tests="1" failures="0" timestamp="2020-12-02T02:26:50 IST" time="4.892" errors="0">
  <testcase name="testOnWindow" time="4.892" classname="Sir.com.TestScripts.TestScript2"/>
  <system-out/>
</testsuite> <!-- Sir.com.TestScripts.TestScript2 -->
