<?xml version="1.0" encoding="UTF-8"?>
<!-- Generated by org.testng.reporters.JUnitReportReporter -->
<testsuite skipped="0" hostname="LAPTOP-U74TRLLP" name="Sir.com.TestScripts.TestScript1Login" tests="4" failures="0" timestamp="2020-12-02T02:26:50 IST" time="14.627" errors="0">
  <testcase name="testLoginPage" time="3.558" classname="Sir.com.TestScripts.TestScript1Login"/>
  <system-out/>
  <testcase name="testLoginPage" time="3.532" classname="Sir.com.TestScripts.TestScript1Login"/>
  <system-out/>
  <testcase name="testLoginPage" time="3.967" classname="Sir.com.TestScripts.TestScript1Login"/>
  <system-out/>
  <testcase name="testLoginPage" time="3.570" classname="Sir.com.TestScripts.TestScript1Login"/>
  <system-out/>
</testsuite> <!-- Sir.com.TestScripts.TestScript1Login -->
