<?xml version="1.0" encoding="UTF-8"?>
<!-- Generated by org.testng.reporters.JUnitReportReporter -->
<testsuite skipped="0" hostname="LAPTOP-U74TRLLP" name="Sir.com.TestScripts.TestScript3" tests="1" failures="0" timestamp="2020-12-02T02:26:50 IST" time="4.903" errors="0">
  <testcase name="testsetCalender" time="4.903" classname="Sir.com.TestScripts.TestScript3"/>
  <system-out/>
</testsuite> <!-- Sir.com.TestScripts.TestScript3 -->
